[ 2016-12-10T20:03:30+08:00 ] 127.0.0.1 /CYCS/index.php/Admin/Dishes/bianji.html
ERR: 参数错误或者未定义:dishes_no

[ 2016-12-10T20:03:30+08:00 ] 127.0.0.1 /CYCS/index.php/Admin/Dishes/bianji.html
ERR: 参数错误或者未定义:dishes_no

[ 2016-12-10T20:03:30+08:00 ] 127.0.0.1 /CYCS/index.php/Admin/Dishes/bianji.html
ERR: 参数错误或者未定义:dishes_no

[ 2016-12-10T20:03:30+08:00 ] 127.0.0.1 /CYCS/index.php/Admin/Dishes/bianji.html
ERR: 参数错误或者未定义:dishes_no

[ 2016-12-10T20:03:30+08:00 ] 127.0.0.1 /CYCS/index.php/Admin/Dishes/bianji.html
ERR: 参数错误或者未定义:dishes_no

[ 2016-12-10T20:03:30+08:00 ] 127.0.0.1 /CYCS/index.php/Admin/Dishes/bianji.html
ERR: 参数错误或者未定义:dishes_no

[ 2016-12-10T20:03:30+08:00 ] 127.0.0.1 /CYCS/index.php/Admin/Dishes/bianji.html
ERR: 参数错误或者未定义:dishes_no

[ 2016-12-10T20:03:30+08:00 ] 127.0.0.1 /CYCS/index.php/Admin/Dishes/bianji.html
ERR: 参数错误或者未定义:dishes_no

[ 2016-12-10T20:03:30+08:00 ] 127.0.0.1 /CYCS/index.php/Admin/Dishes/bianji.html
ERR: 参数错误或者未定义:dishes_no

[ 2016-12-10T20:03:30+08:00 ] 127.0.0.1 /CYCS/index.php/Admin/Dishes/bianji.html
ERR: 参数错误或者未定义:dishes_no

[ 2016-12-10T20:08:20+08:00 ] 127.0.0.1 /CYCS/index.php/Admin/Dishes/bianji.html
ERR: 参数错误或者未定义:dishes_no

[ 2016-12-10T20:08:20+08:00 ] 127.0.0.1 /CYCS/index.php/Admin/Dishes/bianji.html
ERR: 参数错误或者未定义:dishes_no

[ 2016-12-10T20:08:20+08:00 ] 127.0.0.1 /CYCS/index.php/Admin/Dishes/bianji.html
ERR: 参数错误或者未定义:dishes_no

[ 2016-12-10T20:08:20+08:00 ] 127.0.0.1 /CYCS/index.php/Admin/Dishes/bianji.html
ERR: 参数错误或者未定义:dishes_no

[ 2016-12-10T20:08:21+08:00 ] 127.0.0.1 /CYCS/index.php/Admin/Dishes/bianji.html
ERR: 参数错误或者未定义:dishes_no

[ 2016-12-10T20:08:21+08:00 ] 127.0.0.1 /CYCS/index.php/Admin/Dishes/bianji.html
ERR: 参数错误或者未定义:dishes_no

[ 2016-12-10T20:08:21+08:00 ] 127.0.0.1 /CYCS/index.php/Admin/Dishes/bianji.html
ERR: 参数错误或者未定义:dishes_no

[ 2016-12-10T20:08:21+08:00 ] 127.0.0.1 /CYCS/index.php/Admin/Dishes/bianji.html
ERR: 参数错误或者未定义:dishes_no

[ 2016-12-10T20:08:21+08:00 ] 127.0.0.1 /CYCS/index.php/Admin/Dishes/bianji.html
ERR: 参数错误或者未定义:dishes_no

[ 2016-12-10T20:08:21+08:00 ] 127.0.0.1 /CYCS/index.php/Admin/Dishes/bianji.html
ERR: 参数错误或者未定义:dishes_no

[ 2016-12-10T20:08:25+08:00 ] 127.0.0.1 /CYCS/index.php/Admin/Dishes/bianji?dishes_no=C001
INFO: [ app_begin ] --START--
INFO: Run Behavior\ReadHtmlCacheBehavior [ RunTime:0.000934s ]
INFO: [ app_begin ] --END-- [ RunTime:0.001536s ]
SQL: SHOW COLUMNS FROM `cy_dishes` [ RunTime:0.0128s ]
SQL: SELECT * FROM `cy_dishes` WHERE `DISHES_NO` = 'C001'  [ RunTime:0.0004s ]
INFO: [ view_parse ] --START--
INFO: [ template_filter ] --START--
INFO: Run Behavior\ContentReplaceBehavior [ RunTime:0.000069s ]
INFO: [ template_filter ] --END-- [ RunTime:0.000141s ]
INFO: Run Behavior\ParseTemplateBehavior [ RunTime:0.029667s ]
INFO: [ view_parse ] --END-- [ RunTime:0.029767s ]
INFO: [ view_filter ] --START--
INFO: Run Behavior\WriteHtmlCacheBehavior [ RunTime:0.000789s ]
INFO: [ view_filter ] --END-- [ RunTime:0.000854s ]
INFO: [ app_end ] --START--
INFO: Run Behavior\ShowPageTraceBehavior [ RunTime:0.001035s ]
INFO: [ app_end ] --END-- [ RunTime:0.001110s ]

[ 2016-12-10T20:08:34+08:00 ] 127.0.0.1 /CYCS/index.php/Admin/Dishes/bianji.html
ERR: 参数错误或者未定义:dishes_no

[ 2016-12-10T20:08:34+08:00 ] 127.0.0.1 /CYCS/index.php/Admin/Dishes/bianji.html
ERR: 参数错误或者未定义:dishes_no

[ 2016-12-10T20:08:34+08:00 ] 127.0.0.1 /CYCS/index.php/Admin/Dishes/bianji.html
ERR: 参数错误或者未定义:dishes_no

[ 2016-12-10T20:08:34+08:00 ] 127.0.0.1 /CYCS/index.php/Admin/Dishes/bianji.html
ERR: 参数错误或者未定义:dishes_no

[ 2016-12-10T20:08:34+08:00 ] 127.0.0.1 /CYCS/index.php/Admin/Dishes/bianji.html
ERR: 参数错误或者未定义:dishes_no

[ 2016-12-10T20:08:34+08:00 ] 127.0.0.1 /CYCS/index.php/Admin/Dishes/bianji.html
ERR: 参数错误或者未定义:dishes_no

[ 2016-12-10T20:08:34+08:00 ] 127.0.0.1 /CYCS/index.php/Admin/Dishes/bianji.html
ERR: 参数错误或者未定义:dishes_no

[ 2016-12-10T20:08:34+08:00 ] 127.0.0.1 /CYCS/index.php/Admin/Dishes/bianji.html
ERR: 参数错误或者未定义:dishes_no

[ 2016-12-10T20:08:34+08:00 ] 127.0.0.1 /CYCS/index.php/Admin/Dishes/bianji.html
ERR: 参数错误或者未定义:dishes_no

[ 2016-12-10T20:08:34+08:00 ] 127.0.0.1 /CYCS/index.php/Admin/Dishes/bianji.html
ERR: 参数错误或者未定义:dishes_no

[ 2016-12-10T20:08:38+08:00 ] 127.0.0.1 /CYCS/index.php/Admin/Dishes/bianji?dishes_no=C001
INFO: [ app_begin ] --START--
INFO: Run Behavior\ReadHtmlCacheBehavior [ RunTime:0.000625s ]
INFO: [ app_begin ] --END-- [ RunTime:0.001003s ]
SQL: SHOW COLUMNS FROM `cy_dishes` [ RunTime:0.0108s ]
SQL: SELECT * FROM `cy_dishes` WHERE `DISHES_NO` = 'C001'  [ RunTime:0.0003s ]
INFO: [ view_parse ] --START--
INFO: [ template_filter ] --START--
INFO: Run Behavior\ContentReplaceBehavior [ RunTime:0.000038s ]
INFO: [ template_filter ] --END-- [ RunTime:0.000076s ]
INFO: Run Behavior\ParseTemplateBehavior [ RunTime:0.007723s ]
INFO: [ view_parse ] --END-- [ RunTime:0.007810s ]
INFO: [ view_filter ] --START--
INFO: Run Behavior\WriteHtmlCacheBehavior [ RunTime:0.000809s ]
INFO: [ view_filter ] --END-- [ RunTime:0.000866s ]
INFO: [ app_end ] --START--
INFO: Run Behavior\ShowPageTraceBehavior [ RunTime:0.001009s ]
INFO: [ app_end ] --END-- [ RunTime:0.001066s ]

[ 2016-12-10T20:08:40+08:00 ] 127.0.0.1 /CYCS/index.php/Admin/Dishes/bianji?dishes_no=C002
INFO: [ app_begin ] --START--
INFO: Run Behavior\ReadHtmlCacheBehavior [ RunTime:0.000613s ]
INFO: [ app_begin ] --END-- [ RunTime:0.000971s ]
SQL: SHOW COLUMNS FROM `cy_dishes` [ RunTime:0.0290s ]
SQL: SELECT * FROM `cy_dishes` WHERE `DISHES_NO` = 'C002'  [ RunTime:0.0003s ]
INFO: [ view_parse ] --START--
INFO: [ template_filter ] --START--
INFO: Run Behavior\ContentReplaceBehavior [ RunTime:0.000044s ]
INFO: [ template_filter ] --END-- [ RunTime:0.000086s ]
INFO: Run Behavior\ParseTemplateBehavior [ RunTime:0.008437s ]
INFO: [ view_parse ] --END-- [ RunTime:0.008512s ]
INFO: [ view_filter ] --START--
INFO: Run Behavior\WriteHtmlCacheBehavior [ RunTime:0.000472s ]
INFO: [ view_filter ] --END-- [ RunTime:0.000550s ]
INFO: [ app_end ] --START--
INFO: Run Behavior\ShowPageTraceBehavior [ RunTime:0.000816s ]
INFO: [ app_end ] --END-- [ RunTime:0.000864s ]

[ 2016-12-10T20:08:42+08:00 ] 127.0.0.1 /CYCS/index.php/Admin/Dishes/bianji?dishes_no=C003
INFO: [ app_begin ] --START--
INFO: Run Behavior\ReadHtmlCacheBehavior [ RunTime:0.000641s ]
INFO: [ app_begin ] --END-- [ RunTime:0.001027s ]
SQL: SHOW COLUMNS FROM `cy_dishes` [ RunTime:0.0427s ]
SQL: SELECT * FROM `cy_dishes` WHERE `DISHES_NO` = 'C003'  [ RunTime:0.0003s ]
INFO: [ view_parse ] --START--
INFO: [ template_filter ] --START--
INFO: Run Behavior\ContentReplaceBehavior [ RunTime:0.000063s ]
INFO: [ template_filter ] --END-- [ RunTime:0.000137s ]
INFO: Run Behavior\ParseTemplateBehavior [ RunTime:0.010047s ]
INFO: [ view_parse ] --END-- [ RunTime:0.010106s ]
INFO: [ view_filter ] --START--
INFO: Run Behavior\WriteHtmlCacheBehavior [ RunTime:0.000510s ]
INFO: [ view_filter ] --END-- [ RunTime:0.000542s ]
INFO: [ app_end ] --START--
INFO: Run Behavior\ShowPageTraceBehavior [ RunTime:0.000783s ]
INFO: [ app_end ] --END-- [ RunTime:0.000824s ]

[ 2016-12-10T20:08:43+08:00 ] 127.0.0.1 /CYCS/index.php/Admin/Dishes/bianji?dishes_no=H001
INFO: [ app_begin ] --START--
INFO: Run Behavior\ReadHtmlCacheBehavior [ RunTime:0.000823s ]
INFO: [ app_begin ] --END-- [ RunTime:0.001517s ]
SQL: SHOW COLUMNS FROM `cy_dishes` [ RunTime:0.0106s ]
SQL: SELECT * FROM `cy_dishes` WHERE `DISHES_NO` = 'H001'  [ RunTime:0.0003s ]
INFO: [ view_parse ] --START--
INFO: [ template_filter ] --START--
INFO: Run Behavior\ContentReplaceBehavior [ RunTime:0.000041s ]
INFO: [ template_filter ] --END-- [ RunTime:0.000090s ]
INFO: Run Behavior\ParseTemplateBehavior [ RunTime:0.008115s ]
INFO: [ view_parse ] --END-- [ RunTime:0.008174s ]
INFO: [ view_filter ] --START--
INFO: Run Behavior\WriteHtmlCacheBehavior [ RunTime:0.000466s ]
INFO: [ view_filter ] --END-- [ RunTime:0.000505s ]
INFO: [ app_end ] --START--
INFO: Run Behavior\ShowPageTraceBehavior [ RunTime:0.000628s ]
INFO: [ app_end ] --END-- [ RunTime:0.000664s ]

[ 2016-12-10T20:10:02+08:00 ] 127.0.0.1 /CYCS/index.php/Admin/Dishes/bianji.html
ERR: 参数错误或者未定义:dishes_no

[ 2016-12-10T20:10:02+08:00 ] 127.0.0.1 /CYCS/index.php/Admin/Dishes/bianji.html
ERR: 参数错误或者未定义:dishes_no

[ 2016-12-10T20:10:02+08:00 ] 127.0.0.1 /CYCS/index.php/Admin/Dishes/bianji.html
ERR: 参数错误或者未定义:dishes_no

[ 2016-12-10T20:10:02+08:00 ] 127.0.0.1 /CYCS/index.php/Admin/Dishes/bianji.html
ERR: 参数错误或者未定义:dishes_no

[ 2016-12-10T20:10:02+08:00 ] 127.0.0.1 /CYCS/index.php/Admin/Dishes/bianji.html
ERR: 参数错误或者未定义:dishes_no

[ 2016-12-10T20:10:02+08:00 ] 127.0.0.1 /CYCS/index.php/Admin/Dishes/bianji.html
ERR: 参数错误或者未定义:dishes_no

[ 2016-12-10T20:10:02+08:00 ] 127.0.0.1 /CYCS/index.php/Admin/Dishes/bianji.html
ERR: 参数错误或者未定义:dishes_no

[ 2016-12-10T20:10:02+08:00 ] 127.0.0.1 /CYCS/index.php/Admin/Dishes/bianji.html
ERR: 参数错误或者未定义:dishes_no

[ 2016-12-10T20:10:02+08:00 ] 127.0.0.1 /CYCS/index.php/Admin/Dishes/bianji.html
ERR: 参数错误或者未定义:dishes_no

[ 2016-12-10T20:10:02+08:00 ] 127.0.0.1 /CYCS/index.php/Admin/Dishes/bianji.html
ERR: 参数错误或者未定义:dishes_no

[ 2016-12-10T20:10:45+08:00 ] 127.0.0.1 /CYCS/index.php/Admin/Dishes/bianji.html
ERR: 参数错误或者未定义:dishes_no

[ 2016-12-10T20:10:46+08:00 ] 127.0.0.1 /CYCS/index.php/Admin/Dishes/bianji.html
ERR: 参数错误或者未定义:dishes_no

[ 2016-12-10T20:10:46+08:00 ] 127.0.0.1 /CYCS/index.php/Admin/Dishes/bianji.html
ERR: 参数错误或者未定义:dishes_no

[ 2016-12-10T20:10:46+08:00 ] 127.0.0.1 /CYCS/index.php/Admin/Dishes/bianji.html
ERR: 参数错误或者未定义:dishes_no

[ 2016-12-10T20:10:46+08:00 ] 127.0.0.1 /CYCS/index.php/Admin/Dishes/bianji.html
ERR: 参数错误或者未定义:dishes_no

[ 2016-12-10T20:10:46+08:00 ] 127.0.0.1 /CYCS/index.php/Admin/Dishes/bianji.html
ERR: 参数错误或者未定义:dishes_no

[ 2016-12-10T20:10:46+08:00 ] 127.0.0.1 /CYCS/index.php/Admin/Dishes/bianji.html
ERR: 参数错误或者未定义:dishes_no

[ 2016-12-10T20:10:46+08:00 ] 127.0.0.1 /CYCS/index.php/Admin/Dishes/bianji.html
ERR: 参数错误或者未定义:dishes_no

[ 2016-12-10T20:10:46+08:00 ] 127.0.0.1 /CYCS/index.php/Admin/Dishes/bianji.html
ERR: 参数错误或者未定义:dishes_no

[ 2016-12-10T20:10:46+08:00 ] 127.0.0.1 /CYCS/index.php/Admin/Dishes/bianji.html
ERR: 参数错误或者未定义:dishes_no

[ 2016-12-10T20:10:47+08:00 ] 127.0.0.1 /CYCS/index.php/Admin/Dishes/_CONTROLLER_/bianji?dishes_no=C001
INFO: [ app_begin ] --START--
INFO: Run Behavior\ReadHtmlCacheBehavior [ RunTime:0.001130s ]
INFO: [ app_begin ] --END-- [ RunTime:0.001839s ]
ERR: 非法操作:_CONTROLLER_

[ 2016-12-10T20:12:13+08:00 ] 127.0.0.1 /CYCS/index.php/Admin/Dishes/bianji.html
ERR: 参数错误或者未定义:dishes_no

[ 2016-12-10T20:12:14+08:00 ] 127.0.0.1 /CYCS/index.php/Admin/Dishes/bianji.html
ERR: 参数错误或者未定义:dishes_no

[ 2016-12-10T20:12:14+08:00 ] 127.0.0.1 /CYCS/index.php/Admin/Dishes/bianji.html
ERR: 参数错误或者未定义:dishes_no

[ 2016-12-10T20:12:14+08:00 ] 127.0.0.1 /CYCS/index.php/Admin/Dishes/bianji.html
ERR: 参数错误或者未定义:dishes_no

[ 2016-12-10T20:12:14+08:00 ] 127.0.0.1 /CYCS/index.php/Admin/Dishes/bianji.html
ERR: 参数错误或者未定义:dishes_no

[ 2016-12-10T20:12:14+08:00 ] 127.0.0.1 /CYCS/index.php/Admin/Dishes/bianji.html
ERR: 参数错误或者未定义:dishes_no

[ 2016-12-10T20:12:14+08:00 ] 127.0.0.1 /CYCS/index.php/Admin/Dishes/bianji.html
ERR: 参数错误或者未定义:dishes_no

[ 2016-12-10T20:12:14+08:00 ] 127.0.0.1 /CYCS/index.php/Admin/Dishes/bianji.html
ERR: 参数错误或者未定义:dishes_no

[ 2016-12-10T20:12:14+08:00 ] 127.0.0.1 /CYCS/index.php/Admin/Dishes/bianji.html
ERR: 参数错误或者未定义:dishes_no

[ 2016-12-10T20:12:14+08:00 ] 127.0.0.1 /CYCS/index.php/Admin/Dishes/bianji.html
ERR: 参数错误或者未定义:dishes_no

[ 2016-12-10T20:12:15+08:00 ] 127.0.0.1 /CYCS/index.php/Admin/Dishes/_URL_/bianji?dishes_no=C001
INFO: [ app_begin ] --START--
INFO: Run Behavior\ReadHtmlCacheBehavior [ RunTime:0.001052s ]
INFO: [ app_begin ] --END-- [ RunTime:0.001881s ]
ERR: 非法操作:_URL_

[ 2016-12-10T20:12:29+08:00 ] 127.0.0.1 /CYCS/index.php/Admin/Dishes/bianji.html
ERR: 参数错误或者未定义:dishes_no

[ 2016-12-10T20:12:29+08:00 ] 127.0.0.1 /CYCS/index.php/Admin/Dishes/bianji.html
ERR: 参数错误或者未定义:dishes_no

[ 2016-12-10T20:12:29+08:00 ] 127.0.0.1 /CYCS/index.php/Admin/Dishes/bianji.html
ERR: 参数错误或者未定义:dishes_no

[ 2016-12-10T20:12:29+08:00 ] 127.0.0.1 /CYCS/index.php/Admin/Dishes/bianji.html
ERR: 参数错误或者未定义:dishes_no

[ 2016-12-10T20:12:29+08:00 ] 127.0.0.1 /CYCS/index.php/Admin/Dishes/bianji.html
ERR: 参数错误或者未定义:dishes_no

[ 2016-12-10T20:12:29+08:00 ] 127.0.0.1 /CYCS/index.php/Admin/Dishes/bianji.html
ERR: 参数错误或者未定义:dishes_no

[ 2016-12-10T20:12:29+08:00 ] 127.0.0.1 /CYCS/index.php/Admin/Dishes/bianji.html
ERR: 参数错误或者未定义:dishes_no

[ 2016-12-10T20:12:29+08:00 ] 127.0.0.1 /CYCS/index.php/Admin/Dishes/bianji.html
ERR: 参数错误或者未定义:dishes_no

[ 2016-12-10T20:12:30+08:00 ] 127.0.0.1 /CYCS/index.php/Admin/Dishes/bianji.html
ERR: 参数错误或者未定义:dishes_no

[ 2016-12-10T20:12:30+08:00 ] 127.0.0.1 /CYCS/index.php/Admin/Dishes/bianji.html
ERR: 参数错误或者未定义:dishes_no

[ 2016-12-10T20:12:31+08:00 ] 127.0.0.1 /CYCS/index.php/Admin/Dishes/_CONTROLLER_/bianji?dishes_no=C001
INFO: [ app_begin ] --START--
INFO: Run Behavior\ReadHtmlCacheBehavior [ RunTime:0.000843s ]
INFO: [ app_begin ] --END-- [ RunTime:0.001425s ]
ERR: 非法操作:_CONTROLLER_

[ 2016-12-10T20:13:29+08:00 ] 127.0.0.1 /CYCS/index.php/Admin/Dishes/bianji.html
ERR: 参数错误或者未定义:dishes_no

[ 2016-12-10T20:13:29+08:00 ] 127.0.0.1 /CYCS/index.php/Admin/Dishes/bianji.html
ERR: 参数错误或者未定义:dishes_no

[ 2016-12-10T20:13:29+08:00 ] 127.0.0.1 /CYCS/index.php/Admin/Dishes/bianji.html
ERR: 参数错误或者未定义:dishes_no

[ 2016-12-10T20:13:29+08:00 ] 127.0.0.1 /CYCS/index.php/Admin/Dishes/bianji.html
ERR: 参数错误或者未定义:dishes_no

[ 2016-12-10T20:13:29+08:00 ] 127.0.0.1 /CYCS/index.php/Admin/Dishes/bianji.html
ERR: 参数错误或者未定义:dishes_no

[ 2016-12-10T20:13:29+08:00 ] 127.0.0.1 /CYCS/index.php/Admin/Dishes/bianji.html
ERR: 参数错误或者未定义:dishes_no

[ 2016-12-10T20:13:29+08:00 ] 127.0.0.1 /CYCS/index.php/Admin/Dishes/bianji.html
ERR: 参数错误或者未定义:dishes_no

[ 2016-12-10T20:13:29+08:00 ] 127.0.0.1 /CYCS/index.php/Admin/Dishes/bianji.html
ERR: 参数错误或者未定义:dishes_no

[ 2016-12-10T20:13:29+08:00 ] 127.0.0.1 /CYCS/index.php/Admin/Dishes/bianji.html
ERR: 参数错误或者未定义:dishes_no

[ 2016-12-10T20:13:29+08:00 ] 127.0.0.1 /CYCS/index.php/Admin/Dishes/bianji.html
ERR: 参数错误或者未定义:dishes_no

[ 2016-12-10T20:13:31+08:00 ] 127.0.0.1 /CYCS/index.php/Admin/Dishes/_SELF_/bianji?dishes_no=C001
INFO: [ app_begin ] --START--
INFO: Run Behavior\ReadHtmlCacheBehavior [ RunTime:0.000952s ]
INFO: [ app_begin ] --END-- [ RunTime:0.001508s ]
ERR: 非法操作:_SELF_

[ 2016-12-10T20:13:45+08:00 ] 127.0.0.1 /CYCS/index.php/Admin/Dishes/bianji.html
ERR: 参数错误或者未定义:dishes_no

[ 2016-12-10T20:13:45+08:00 ] 127.0.0.1 /CYCS/index.php/Admin/Dishes/bianji.html
ERR: 参数错误或者未定义:dishes_no

[ 2016-12-10T20:13:45+08:00 ] 127.0.0.1 /CYCS/index.php/Admin/Dishes/bianji.html
ERR: 参数错误或者未定义:dishes_no

[ 2016-12-10T20:13:45+08:00 ] 127.0.0.1 /CYCS/index.php/Admin/Dishes/bianji.html
ERR: 参数错误或者未定义:dishes_no

[ 2016-12-10T20:13:45+08:00 ] 127.0.0.1 /CYCS/index.php/Admin/Dishes/bianji.html
ERR: 参数错误或者未定义:dishes_no

[ 2016-12-10T20:13:45+08:00 ] 127.0.0.1 /CYCS/index.php/Admin/Dishes/bianji.html
ERR: 参数错误或者未定义:dishes_no

[ 2016-12-10T20:13:45+08:00 ] 127.0.0.1 /CYCS/index.php/Admin/Dishes/bianji.html
ERR: 参数错误或者未定义:dishes_no

[ 2016-12-10T20:13:45+08:00 ] 127.0.0.1 /CYCS/index.php/Admin/Dishes/bianji.html
ERR: 参数错误或者未定义:dishes_no

[ 2016-12-10T20:13:45+08:00 ] 127.0.0.1 /CYCS/index.php/Admin/Dishes/bianji.html
ERR: 参数错误或者未定义:dishes_no

[ 2016-12-10T20:13:45+08:00 ] 127.0.0.1 /CYCS/index.php/Admin/Dishes/bianji.html
ERR: 参数错误或者未定义:dishes_no

[ 2016-12-10T20:13:47+08:00 ] 127.0.0.1 /CYCS/index.php/Admin/Dishes/_SELF_?dishes_no=C001
INFO: [ app_begin ] --START--
INFO: Run Behavior\ReadHtmlCacheBehavior [ RunTime:0.001086s ]
INFO: [ app_begin ] --END-- [ RunTime:0.001769s ]
ERR: 非法操作:_SELF_

[ 2016-12-10T20:18:26+08:00 ] 127.0.0.1 /CYCS/index.php/Admin/Dishes/bianji.html
ERR: 参数错误或者未定义:dishes_no

[ 2016-12-10T20:18:26+08:00 ] 127.0.0.1 /CYCS/index.php/Admin/Dishes/bianji.html
ERR: 参数错误或者未定义:dishes_no

[ 2016-12-10T20:18:26+08:00 ] 127.0.0.1 /CYCS/index.php/Admin/Dishes/bianji.html
ERR: 参数错误或者未定义:dishes_no

[ 2016-12-10T20:18:26+08:00 ] 127.0.0.1 /CYCS/index.php/Admin/Dishes/bianji.html
ERR: 参数错误或者未定义:dishes_no

[ 2016-12-10T20:18:26+08:00 ] 127.0.0.1 /CYCS/index.php/Admin/Dishes/bianji.html
ERR: 参数错误或者未定义:dishes_no

[ 2016-12-10T20:18:26+08:00 ] 127.0.0.1 /CYCS/index.php/Admin/Dishes/bianji.html
ERR: 参数错误或者未定义:dishes_no

[ 2016-12-10T20:18:26+08:00 ] 127.0.0.1 /CYCS/index.php/Admin/Dishes/bianji.html
ERR: 参数错误或者未定义:dishes_no

[ 2016-12-10T20:18:26+08:00 ] 127.0.0.1 /CYCS/index.php/Admin/Dishes/bianji.html
ERR: 参数错误或者未定义:dishes_no

[ 2016-12-10T20:18:26+08:00 ] 127.0.0.1 /CYCS/index.php/Admin/Dishes/bianji.html
ERR: 参数错误或者未定义:dishes_no

[ 2016-12-10T20:18:26+08:00 ] 127.0.0.1 /CYCS/index.php/Admin/Dishes/bianji.html
ERR: 参数错误或者未定义:dishes_no

[ 2016-12-10T20:18:27+08:00 ] 127.0.0.1 /CYCS/index.php/Admin/Dishes/bianji/dishes_no=C001
INFO: [ app_begin ] --START--
INFO: Run Behavior\ReadHtmlCacheBehavior [ RunTime:0.001269s ]
INFO: [ app_begin ] --END-- [ RunTime:0.002093s ]
ERR: 参数错误或者未定义:dishes_no

[ 2016-12-10T20:18:40+08:00 ] 127.0.0.1 /CYCS/index.php/Admin/Dishes/bianji.html
ERR: 参数错误或者未定义:dishes_no

[ 2016-12-10T20:18:40+08:00 ] 127.0.0.1 /CYCS/index.php/Admin/Dishes/bianji.html
ERR: 参数错误或者未定义:dishes_no

[ 2016-12-10T20:18:40+08:00 ] 127.0.0.1 /CYCS/index.php/Admin/Dishes/bianji.html
ERR: 参数错误或者未定义:dishes_no

[ 2016-12-10T20:18:40+08:00 ] 127.0.0.1 /CYCS/index.php/Admin/Dishes/bianji.html
ERR: 参数错误或者未定义:dishes_no

[ 2016-12-10T20:18:40+08:00 ] 127.0.0.1 /CYCS/index.php/Admin/Dishes/bianji.html
ERR: 参数错误或者未定义:dishes_no

[ 2016-12-10T20:18:41+08:00 ] 127.0.0.1 /CYCS/index.php/Admin/Dishes/bianji.html
ERR: 参数错误或者未定义:dishes_no

[ 2016-12-10T20:18:41+08:00 ] 127.0.0.1 /CYCS/index.php/Admin/Dishes/bianji.html
ERR: 参数错误或者未定义:dishes_no

[ 2016-12-10T20:18:41+08:00 ] 127.0.0.1 /CYCS/index.php/Admin/Dishes/bianji.html
ERR: 参数错误或者未定义:dishes_no

[ 2016-12-10T20:18:41+08:00 ] 127.0.0.1 /CYCS/index.php/Admin/Dishes/bianji.html
ERR: 参数错误或者未定义:dishes_no

[ 2016-12-10T20:18:41+08:00 ] 127.0.0.1 /CYCS/index.php/Admin/Dishes/bianji.html
ERR: 参数错误或者未定义:dishes_no

[ 2016-12-10T20:18:42+08:00 ] 127.0.0.1 /CYCS/index.php/Admin/Dishes/bianji?dishes_no=C001
INFO: [ app_begin ] --START--
INFO: Run Behavior\ReadHtmlCacheBehavior [ RunTime:0.001048s ]
INFO: [ app_begin ] --END-- [ RunTime:0.001729s ]
SQL: SHOW COLUMNS FROM `cy_dishes` [ RunTime:0.0202s ]
SQL: SELECT * FROM `cy_dishes` WHERE `DISHES_NO` = 'C001'  [ RunTime:0.0003s ]
INFO: [ view_parse ] --START--
INFO: [ template_filter ] --START--
INFO: Run Behavior\ContentReplaceBehavior [ RunTime:0.000070s ]
INFO: [ template_filter ] --END-- [ RunTime:0.000152s ]
INFO: Run Behavior\ParseTemplateBehavior [ RunTime:0.012299s ]
INFO: [ view_parse ] --END-- [ RunTime:0.012389s ]
INFO: [ view_filter ] --START--
INFO: Run Behavior\WriteHtmlCacheBehavior [ RunTime:0.000757s ]
INFO: [ view_filter ] --END-- [ RunTime:0.000819s ]
INFO: [ app_end ] --START--
INFO: Run Behavior\ShowPageTraceBehavior [ RunTime:0.001030s ]
INFO: [ app_end ] --END-- [ RunTime:0.001129s ]

[ 2016-12-10T20:18:45+08:00 ] 127.0.0.1 /CYCS/index.php/Admin/Dishes/bianji?dishes_no=C002
INFO: [ app_begin ] --START--
INFO: Run Behavior\ReadHtmlCacheBehavior [ RunTime:0.001201s ]
INFO: [ app_begin ] --END-- [ RunTime:0.001725s ]
SQL: SHOW COLUMNS FROM `cy_dishes` [ RunTime:0.0122s ]
SQL: SELECT * FROM `cy_dishes` WHERE `DISHES_NO` = 'C002'  [ RunTime:0.0004s ]
INFO: [ view_parse ] --START--
INFO: [ template_filter ] --START--
INFO: Run Behavior\ContentReplaceBehavior [ RunTime:0.000044s ]
INFO: [ template_filter ] --END-- [ RunTime:0.000094s ]
INFO: Run Behavior\ParseTemplateBehavior [ RunTime:0.010652s ]
INFO: [ view_parse ] --END-- [ RunTime:0.010752s ]
INFO: [ view_filter ] --START--
INFO: Run Behavior\WriteHtmlCacheBehavior [ RunTime:0.000730s ]
INFO: [ view_filter ] --END-- [ RunTime:0.000794s ]
INFO: [ app_end ] --START--
INFO: Run Behavior\ShowPageTraceBehavior [ RunTime:0.000952s ]
INFO: [ app_end ] --END-- [ RunTime:0.001018s ]

[ 2016-12-10T20:22:36+08:00 ] 127.0.0.1 /CYCS/index.php/Admin/Dishes/bianji?dishes_no=C001
INFO: [ app_begin ] --START--
INFO: Run Behavior\ReadHtmlCacheBehavior [ RunTime:0.001308s ]
INFO: [ app_begin ] --END-- [ RunTime:0.001983s ]
SQL: SHOW COLUMNS FROM `cy_dishes` [ RunTime:0.0143s ]
SQL: SELECT * FROM `cy_dishes` WHERE `DISHES_NO` = 'C001'  [ RunTime:0.0003s ]
INFO: [ view_parse ] --START--
INFO: [ template_filter ] --START--
INFO: Run Behavior\ContentReplaceBehavior [ RunTime:0.000050s ]
INFO: [ template_filter ] --END-- [ RunTime:0.000105s ]
INFO: Run Behavior\ParseTemplateBehavior [ RunTime:0.032142s ]
INFO: [ view_parse ] --END-- [ RunTime:0.032238s ]
INFO: [ view_filter ] --START--
INFO: Run Behavior\WriteHtmlCacheBehavior [ RunTime:0.001066s ]
INFO: [ view_filter ] --END-- [ RunTime:0.001133s ]
INFO: [ app_end ] --START--
INFO: Run Behavior\ShowPageTraceBehavior [ RunTime:0.001561s ]
INFO: [ app_end ] --END-- [ RunTime:0.001650s ]

[ 2016-12-10T20:22:40+08:00 ] 127.0.0.1 /CYCS/index.php/Admin/Dishes/bianji?dishes_no=C001
INFO: [ app_begin ] --START--
INFO: Run Behavior\ReadHtmlCacheBehavior [ RunTime:0.000881s ]
INFO: [ app_begin ] --END-- [ RunTime:0.001479s ]
SQL: SHOW COLUMNS FROM `cy_dishes` [ RunTime:0.0936s ]
SQL: SELECT * FROM `cy_dishes` WHERE `DISHES_NO` = 'C001'  [ RunTime:0.0004s ]
INFO: [ view_parse ] --START--
INFO: [ template_filter ] --START--
INFO: Run Behavior\ContentReplaceBehavior [ RunTime:0.000074s ]
INFO: [ template_filter ] --END-- [ RunTime:0.000161s ]
INFO: Run Behavior\ParseTemplateBehavior [ RunTime:0.012188s ]
INFO: [ view_parse ] --END-- [ RunTime:0.012294s ]
INFO: [ view_filter ] --START--
INFO: Run Behavior\WriteHtmlCacheBehavior [ RunTime:0.000710s ]
INFO: [ view_filter ] --END-- [ RunTime:0.000778s ]
INFO: [ app_end ] --START--
INFO: Run Behavior\ShowPageTraceBehavior [ RunTime:0.000999s ]
INFO: [ app_end ] --END-- [ RunTime:0.001100s ]

[ 2016-12-10T20:22:41+08:00 ] 127.0.0.1 /CYCS/index.php/Admin/Dishes/bianji?dishes_no=C001
INFO: [ app_begin ] --START--
INFO: Run Behavior\ReadHtmlCacheBehavior [ RunTime:0.000878s ]
INFO: [ app_begin ] --END-- [ RunTime:0.001422s ]
SQL: SHOW COLUMNS FROM `cy_dishes` [ RunTime:0.0197s ]
SQL: SELECT * FROM `cy_dishes` WHERE `DISHES_NO` = 'C001'  [ RunTime:0.0004s ]
INFO: [ view_parse ] --START--
INFO: [ template_filter ] --START--
INFO: Run Behavior\ContentReplaceBehavior [ RunTime:0.000046s ]
INFO: [ template_filter ] --END-- [ RunTime:0.000097s ]
INFO: Run Behavior\ParseTemplateBehavior [ RunTime:0.010752s ]
INFO: [ view_parse ] --END-- [ RunTime:0.010851s ]
INFO: [ view_filter ] --START--
INFO: Run Behavior\WriteHtmlCacheBehavior [ RunTime:0.000780s ]
INFO: [ view_filter ] --END-- [ RunTime:0.000860s ]
INFO: [ app_end ] --START--
INFO: Run Behavior\ShowPageTraceBehavior [ RunTime:0.001249s ]
INFO: [ app_end ] --END-- [ RunTime:0.001351s ]

[ 2016-12-10T20:22:42+08:00 ] 127.0.0.1 /CYCS/index.php/Admin/Dishes/bianji?dishes_no=C001
INFO: [ app_begin ] --START--
INFO: Run Behavior\ReadHtmlCacheBehavior [ RunTime:0.001119s ]
INFO: [ app_begin ] --END-- [ RunTime:0.001895s ]
SQL: SHOW COLUMNS FROM `cy_dishes` [ RunTime:0.0168s ]
SQL: SELECT * FROM `cy_dishes` WHERE `DISHES_NO` = 'C001'  [ RunTime:0.0004s ]
INFO: [ view_parse ] --START--
INFO: [ template_filter ] --START--
INFO: Run Behavior\ContentReplaceBehavior [ RunTime:0.000062s ]
INFO: [ template_filter ] --END-- [ RunTime:0.000137s ]
INFO: Run Behavior\ParseTemplateBehavior [ RunTime:0.011767s ]
INFO: [ view_parse ] --END-- [ RunTime:0.011853s ]
INFO: [ view_filter ] --START--
INFO: Run Behavior\WriteHtmlCacheBehavior [ RunTime:0.000507s ]
INFO: [ view_filter ] --END-- [ RunTime:0.000546s ]
INFO: [ app_end ] --START--
INFO: Run Behavior\ShowPageTraceBehavior [ RunTime:0.000666s ]
INFO: [ app_end ] --END-- [ RunTime:0.000706s ]

[ 2016-12-10T20:22:43+08:00 ] 127.0.0.1 /CYCS/index.php/Admin/Dishes/bianji?dishes_no=C001
INFO: [ app_begin ] --START--
INFO: Run Behavior\ReadHtmlCacheBehavior [ RunTime:0.000656s ]
INFO: [ app_begin ] --END-- [ RunTime:0.001125s ]
SQL: SHOW COLUMNS FROM `cy_dishes` [ RunTime:0.0135s ]
SQL: SELECT * FROM `cy_dishes` WHERE `DISHES_NO` = 'C001'  [ RunTime:0.0003s ]
INFO: [ view_parse ] --START--
INFO: [ template_filter ] --START--
INFO: Run Behavior\ContentReplaceBehavior [ RunTime:0.000064s ]
INFO: [ template_filter ] --END-- [ RunTime:0.000136s ]
INFO: Run Behavior\ParseTemplateBehavior [ RunTime:0.013091s ]
INFO: [ view_parse ] --END-- [ RunTime:0.013179s ]
INFO: [ view_filter ] --START--
INFO: Run Behavior\WriteHtmlCacheBehavior [ RunTime:0.000730s ]
INFO: [ view_filter ] --END-- [ RunTime:0.000800s ]
INFO: [ app_end ] --START--
INFO: Run Behavior\ShowPageTraceBehavior [ RunTime:0.001062s ]
INFO: [ app_end ] --END-- [ RunTime:0.001133s ]

[ 2016-12-10T20:22:44+08:00 ] 127.0.0.1 /CYCS/index.php/Admin/Dishes/bianji?dishes_no=C002
INFO: [ app_begin ] --START--
INFO: Run Behavior\ReadHtmlCacheBehavior [ RunTime:0.000895s ]
INFO: [ app_begin ] --END-- [ RunTime:0.001481s ]
SQL: SHOW COLUMNS FROM `cy_dishes` [ RunTime:0.0174s ]
SQL: SELECT * FROM `cy_dishes` WHERE `DISHES_NO` = 'C002'  [ RunTime:0.0003s ]
INFO: [ view_parse ] --START--
INFO: [ template_filter ] --START--
INFO: Run Behavior\ContentReplaceBehavior [ RunTime:0.000067s ]
INFO: [ template_filter ] --END-- [ RunTime:0.000145s ]
INFO: Run Behavior\ParseTemplateBehavior [ RunTime:0.012920s ]
INFO: [ view_parse ] --END-- [ RunTime:0.013037s ]
INFO: [ view_filter ] --START--
INFO: Run Behavior\WriteHtmlCacheBehavior [ RunTime:0.001122s ]
INFO: [ view_filter ] --END-- [ RunTime:0.001193s ]
INFO: [ app_end ] --START--
INFO: Run Behavior\ShowPageTraceBehavior [ RunTime:0.001372s ]
INFO: [ app_end ] --END-- [ RunTime:0.001448s ]

[ 2016-12-10T20:22:45+08:00 ] 127.0.0.1 /CYCS/index.php/Admin/Dishes/bianji?dishes_no=C003
INFO: [ app_begin ] --START--
INFO: Run Behavior\ReadHtmlCacheBehavior [ RunTime:0.000680s ]
INFO: [ app_begin ] --END-- [ RunTime:0.001201s ]
SQL: SHOW COLUMNS FROM `cy_dishes` [ RunTime:0.0536s ]
SQL: SELECT * FROM `cy_dishes` WHERE `DISHES_NO` = 'C003'  [ RunTime:0.0003s ]
INFO: [ view_parse ] --START--
INFO: [ template_filter ] --START--
INFO: Run Behavior\ContentReplaceBehavior [ RunTime:0.000045s ]
INFO: [ template_filter ] --END-- [ RunTime:0.000094s ]
INFO: Run Behavior\ParseTemplateBehavior [ RunTime:0.009900s ]
INFO: [ view_parse ] --END-- [ RunTime:0.009980s ]
INFO: [ view_filter ] --START--
INFO: Run Behavior\WriteHtmlCacheBehavior [ RunTime:0.000590s ]
INFO: [ view_filter ] --END-- [ RunTime:0.000637s ]
INFO: [ app_end ] --START--
INFO: Run Behavior\ShowPageTraceBehavior [ RunTime:0.000966s ]
INFO: [ app_end ] --END-- [ RunTime:0.001027s ]

[ 2016-12-10T20:22:46+08:00 ] 127.0.0.1 /CYCS/index.php/Admin/Dishes/bianji?dishes_no=C003
INFO: [ app_begin ] --START--
INFO: Run Behavior\ReadHtmlCacheBehavior [ RunTime:0.001001s ]
INFO: [ app_begin ] --END-- [ RunTime:0.001649s ]
SQL: SHOW COLUMNS FROM `cy_dishes` [ RunTime:0.0185s ]
SQL: SELECT * FROM `cy_dishes` WHERE `DISHES_NO` = 'C003'  [ RunTime:0.0003s ]
INFO: [ view_parse ] --START--
INFO: [ template_filter ] --START--
INFO: Run Behavior\ContentReplaceBehavior [ RunTime:0.000069s ]
INFO: [ template_filter ] --END-- [ RunTime:0.000169s ]
INFO: Run Behavior\ParseTemplateBehavior [ RunTime:0.009280s ]
INFO: [ view_parse ] --END-- [ RunTime:0.009364s ]
INFO: [ view_filter ] --START--
INFO: Run Behavior\WriteHtmlCacheBehavior [ RunTime:0.000743s ]
INFO: [ view_filter ] --END-- [ RunTime:0.000813s ]
INFO: [ app_end ] --START--
INFO: Run Behavior\ShowPageTraceBehavior [ RunTime:0.001024s ]
INFO: [ app_end ] --END-- [ RunTime:0.001095s ]

[ 2016-12-10T20:22:46+08:00 ] 127.0.0.1 /CYCS/index.php/Admin/Dishes/bianji?dishes_no=H001
INFO: [ app_begin ] --START--
INFO: Run Behavior\ReadHtmlCacheBehavior [ RunTime:0.000922s ]
INFO: [ app_begin ] --END-- [ RunTime:0.001487s ]
SQL: SHOW COLUMNS FROM `cy_dishes` [ RunTime:0.0085s ]
SQL: SELECT * FROM `cy_dishes` WHERE `DISHES_NO` = 'H001'  [ RunTime:0.0004s ]
INFO: [ view_parse ] --START--
INFO: [ template_filter ] --START--
INFO: Run Behavior\ContentReplaceBehavior [ RunTime:0.000043s ]
INFO: [ template_filter ] --END-- [ RunTime:0.000090s ]
INFO: Run Behavior\ParseTemplateBehavior [ RunTime:0.011287s ]
INFO: [ view_parse ] --END-- [ RunTime:0.011380s ]
INFO: [ view_filter ] --START--
INFO: Run Behavior\WriteHtmlCacheBehavior [ RunTime:0.000617s ]
INFO: [ view_filter ] --END-- [ RunTime:0.000663s ]
INFO: [ app_end ] --START--
INFO: Run Behavior\ShowPageTraceBehavior [ RunTime:0.000674s ]
INFO: [ app_end ] --END-- [ RunTime:0.000713s ]

[ 2016-12-10T20:22:49+08:00 ] 127.0.0.1 /CYCS/index.php/Admin/Dishes/bianji?dishes_no=H001
INFO: [ app_begin ] --START--
INFO: Run Behavior\ReadHtmlCacheBehavior [ RunTime:0.000877s ]
INFO: [ app_begin ] --END-- [ RunTime:0.001290s ]
SQL: SHOW COLUMNS FROM `cy_dishes` [ RunTime:0.0166s ]
SQL: SELECT * FROM `cy_dishes` WHERE `DISHES_NO` = 'H001'  [ RunTime:0.0003s ]
INFO: [ view_parse ] --START--
INFO: [ template_filter ] --START--
INFO: Run Behavior\ContentReplaceBehavior [ RunTime:0.000065s ]
INFO: [ template_filter ] --END-- [ RunTime:0.000136s ]
INFO: Run Behavior\ParseTemplateBehavior [ RunTime:0.011218s ]
INFO: [ view_parse ] --END-- [ RunTime:0.011302s ]
INFO: [ view_filter ] --START--
INFO: Run Behavior\WriteHtmlCacheBehavior [ RunTime:0.000692s ]
INFO: [ view_filter ] --END-- [ RunTime:0.000753s ]
INFO: [ app_end ] --START--
INFO: Run Behavior\ShowPageTraceBehavior [ RunTime:0.001014s ]
INFO: [ app_end ] --END-- [ RunTime:0.001088s ]

[ 2016-12-10T20:23:36+08:00 ] 127.0.0.1 /CYCS/index.php/Admin/Dishes/bianji.html
ERR: 参数错误或者未定义:dishes_no

[ 2016-12-10T20:23:36+08:00 ] 127.0.0.1 /CYCS/index.php/Admin/Dishes/bianji.html
ERR: 参数错误或者未定义:dishes_no

[ 2016-12-10T20:23:36+08:00 ] 127.0.0.1 /CYCS/index.php/Admin/Dishes/bianji.html
ERR: 参数错误或者未定义:dishes_no

[ 2016-12-10T20:23:36+08:00 ] 127.0.0.1 /CYCS/index.php/Admin/Dishes/bianji.html
ERR: 参数错误或者未定义:dishes_no

[ 2016-12-10T20:23:36+08:00 ] 127.0.0.1 /CYCS/index.php/Admin/Dishes/bianji.html
ERR: 参数错误或者未定义:dishes_no

[ 2016-12-10T20:23:36+08:00 ] 127.0.0.1 /CYCS/index.php/Admin/Dishes/bianji.html
ERR: 参数错误或者未定义:dishes_no

[ 2016-12-10T20:23:36+08:00 ] 127.0.0.1 /CYCS/index.php/Admin/Dishes/bianji.html
ERR: 参数错误或者未定义:dishes_no

[ 2016-12-10T20:23:36+08:00 ] 127.0.0.1 /CYCS/index.php/Admin/Dishes/bianji.html
ERR: 参数错误或者未定义:dishes_no

[ 2016-12-10T20:23:36+08:00 ] 127.0.0.1 /CYCS/index.php/Admin/Dishes/bianji.html
ERR: 参数错误或者未定义:dishes_no

[ 2016-12-10T20:23:37+08:00 ] 127.0.0.1 /CYCS/index.php/Admin/Dishes/bianji.html
ERR: 参数错误或者未定义:dishes_no

[ 2016-12-10T20:23:43+08:00 ] 127.0.0.1 /CYCS/index.php/Admin/Dishes/bianji?dishes_no=C001
INFO: [ app_begin ] --START--
INFO: Run Behavior\ReadHtmlCacheBehavior [ RunTime:0.001435s ]
INFO: [ app_begin ] --END-- [ RunTime:0.002230s ]
SQL: SHOW COLUMNS FROM `cy_dishes` [ RunTime:0.0327s ]
SQL: SELECT * FROM `cy_dishes` WHERE `DISHES_NO` = 'C001'  [ RunTime:0.0003s ]
INFO: [ view_parse ] --START--
INFO: [ template_filter ] --START--
INFO: Run Behavior\ContentReplaceBehavior [ RunTime:0.000045s ]
INFO: [ template_filter ] --END-- [ RunTime:0.000097s ]
INFO: Run Behavior\ParseTemplateBehavior [ RunTime:0.008911s ]
INFO: [ view_parse ] --END-- [ RunTime:0.008996s ]
INFO: [ view_filter ] --START--
INFO: Run Behavior\WriteHtmlCacheBehavior [ RunTime:0.000684s ]
INFO: [ view_filter ] --END-- [ RunTime:0.000749s ]
INFO: [ app_end ] --START--
INFO: Run Behavior\ShowPageTraceBehavior [ RunTime:0.001036s ]
INFO: [ app_end ] --END-- [ RunTime:0.001109s ]

[ 2016-12-10T20:24:58+08:00 ] 127.0.0.1 /CYCS/index.php/Admin/Dishes/bianji.html
ERR: 参数错误或者未定义:dishes_no

[ 2016-12-10T20:24:58+08:00 ] 127.0.0.1 /CYCS/index.php/Admin/Dishes/bianji.html
ERR: 参数错误或者未定义:dishes_no

[ 2016-12-10T20:24:58+08:00 ] 127.0.0.1 /CYCS/index.php/Admin/Dishes/bianji.html
ERR: 参数错误或者未定义:dishes_no

[ 2016-12-10T20:24:58+08:00 ] 127.0.0.1 /CYCS/index.php/Admin/Dishes/bianji.html
ERR: 参数错误或者未定义:dishes_no

[ 2016-12-10T20:24:58+08:00 ] 127.0.0.1 /CYCS/index.php/Admin/Dishes/bianji.html
ERR: 参数错误或者未定义:dishes_no

[ 2016-12-10T20:24:58+08:00 ] 127.0.0.1 /CYCS/index.php/Admin/Dishes/bianji.html
ERR: 参数错误或者未定义:dishes_no

[ 2016-12-10T20:24:58+08:00 ] 127.0.0.1 /CYCS/index.php/Admin/Dishes/bianji.html
ERR: 参数错误或者未定义:dishes_no

[ 2016-12-10T20:24:58+08:00 ] 127.0.0.1 /CYCS/index.php/Admin/Dishes/bianji.html
ERR: 参数错误或者未定义:dishes_no

[ 2016-12-10T20:24:58+08:00 ] 127.0.0.1 /CYCS/index.php/Admin/Dishes/bianji.html
ERR: 参数错误或者未定义:dishes_no

[ 2016-12-10T20:24:58+08:00 ] 127.0.0.1 /CYCS/index.php/Admin/Dishes/bianji.html
ERR: 参数错误或者未定义:dishes_no

[ 2016-12-10T20:24:59+08:00 ] 127.0.0.1 /CYCS/index.php/Admin/Dishes/bianji?dishes_no=C001
INFO: [ app_begin ] --START--
INFO: Run Behavior\ReadHtmlCacheBehavior [ RunTime:0.001388s ]
INFO: [ app_begin ] --END-- [ RunTime:0.001950s ]
SQL: SHOW COLUMNS FROM `cy_dishes` [ RunTime:0.0116s ]
SQL: SELECT * FROM `cy_dishes` WHERE `DISHES_NO` = 'C001'  [ RunTime:0.0003s ]
INFO: [ view_parse ] --START--
INFO: [ template_filter ] --START--
INFO: Run Behavior\ContentReplaceBehavior [ RunTime:0.000041s ]
INFO: [ template_filter ] --END-- [ RunTime:0.000084s ]
INFO: Run Behavior\ParseTemplateBehavior [ RunTime:0.009300s ]
INFO: [ view_parse ] --END-- [ RunTime:0.009378s ]
INFO: [ view_filter ] --START--
INFO: Run Behavior\WriteHtmlCacheBehavior [ RunTime:0.001067s ]
INFO: [ view_filter ] --END-- [ RunTime:0.001133s ]
INFO: [ app_end ] --START--
INFO: Run Behavior\ShowPageTraceBehavior [ RunTime:0.001049s ]
INFO: [ app_end ] --END-- [ RunTime:0.001105s ]

[ 2016-12-10T20:25:03+08:00 ] 127.0.0.1 /CYCS/index.php/Admin/Dishes/bianji?dishes_no=C001
INFO: [ app_begin ] --START--
INFO: Run Behavior\ReadHtmlCacheBehavior [ RunTime:0.000994s ]
INFO: [ app_begin ] --END-- [ RunTime:0.001593s ]
SQL: SHOW COLUMNS FROM `cy_dishes` [ RunTime:0.0334s ]
SQL: SELECT * FROM `cy_dishes` WHERE `DISHES_NO` = 'C001'  [ RunTime:0.0003s ]
INFO: [ view_parse ] --START--
INFO: [ template_filter ] --START--
INFO: Run Behavior\ContentReplaceBehavior [ RunTime:0.000039s ]
INFO: [ template_filter ] --END-- [ RunTime:0.000078s ]
INFO: Run Behavior\ParseTemplateBehavior [ RunTime:0.008882s ]
INFO: [ view_parse ] --END-- [ RunTime:0.008963s ]
INFO: [ view_filter ] --START--
INFO: Run Behavior\WriteHtmlCacheBehavior [ RunTime:0.000912s ]
INFO: [ view_filter ] --END-- [ RunTime:0.000961s ]
INFO: [ app_end ] --START--
INFO: Run Behavior\ShowPageTraceBehavior [ RunTime:0.000975s ]
INFO: [ app_end ] --END-- [ RunTime:0.001020s ]

[ 2016-12-10T20:25:05+08:00 ] 127.0.0.1 /CYCS/index.php/Admin/Dishes/bianji?dishes_no=C002
INFO: [ app_begin ] --START--
INFO: Run Behavior\ReadHtmlCacheBehavior [ RunTime:0.001221s ]
INFO: [ app_begin ] --END-- [ RunTime:0.001785s ]
SQL: SHOW COLUMNS FROM `cy_dishes` [ RunTime:0.0118s ]
SQL: SELECT * FROM `cy_dishes` WHERE `DISHES_NO` = 'C002'  [ RunTime:0.0004s ]
INFO: [ view_parse ] --START--
INFO: [ template_filter ] --START--
INFO: Run Behavior\ContentReplaceBehavior [ RunTime:0.000043s ]
INFO: [ template_filter ] --END-- [ RunTime:0.000092s ]
INFO: Run Behavior\ParseTemplateBehavior [ RunTime:0.010474s ]
INFO: [ view_parse ] --END-- [ RunTime:0.010539s ]
INFO: [ view_filter ] --START--
INFO: Run Behavior\WriteHtmlCacheBehavior [ RunTime:0.000703s ]
INFO: [ view_filter ] --END-- [ RunTime:0.000736s ]
INFO: [ app_end ] --START--
INFO: Run Behavior\ShowPageTraceBehavior [ RunTime:0.000866s ]
INFO: [ app_end ] --END-- [ RunTime:0.000913s ]

[ 2016-12-10T20:25:07+08:00 ] 127.0.0.1 /CYCS/index.php/Admin/Dishes/bianji?dishes_no=C003
INFO: [ app_begin ] --START--
INFO: Run Behavior\ReadHtmlCacheBehavior [ RunTime:0.001325s ]
INFO: [ app_begin ] --END-- [ RunTime:0.002023s ]
SQL: SHOW COLUMNS FROM `cy_dishes` [ RunTime:0.0448s ]
SQL: SELECT * FROM `cy_dishes` WHERE `DISHES_NO` = 'C003'  [ RunTime:0.0003s ]
INFO: [ view_parse ] --START--
INFO: [ template_filter ] --START--
INFO: Run Behavior\ContentReplaceBehavior [ RunTime:0.000072s ]
INFO: [ template_filter ] --END-- [ RunTime:0.000137s ]
INFO: Run Behavior\ParseTemplateBehavior [ RunTime:0.009644s ]
INFO: [ view_parse ] --END-- [ RunTime:0.009710s ]
INFO: [ view_filter ] --START--
INFO: Run Behavior\WriteHtmlCacheBehavior [ RunTime:0.000940s ]
INFO: [ view_filter ] --END-- [ RunTime:0.000991s ]
INFO: [ app_end ] --START--
INFO: Run Behavior\ShowPageTraceBehavior [ RunTime:0.000860s ]
INFO: [ app_end ] --END-- [ RunTime:0.000899s ]

[ 2016-12-10T20:25:08+08:00 ] 127.0.0.1 /CYCS/index.php/Admin/Dishes/bianji?dishes_no=H001
INFO: [ app_begin ] --START--
INFO: Run Behavior\ReadHtmlCacheBehavior [ RunTime:0.000849s ]
INFO: [ app_begin ] --END-- [ RunTime:0.001350s ]
SQL: SHOW COLUMNS FROM `cy_dishes` [ RunTime:0.0113s ]
SQL: SELECT * FROM `cy_dishes` WHERE `DISHES_NO` = 'H001'  [ RunTime:0.0003s ]
INFO: [ view_parse ] --START--
INFO: [ template_filter ] --START--
INFO: Run Behavior\ContentReplaceBehavior [ RunTime:0.000046s ]
INFO: [ template_filter ] --END-- [ RunTime:0.000105s ]
INFO: Run Behavior\ParseTemplateBehavior [ RunTime:0.010129s ]
INFO: [ view_parse ] --END-- [ RunTime:0.010185s ]
INFO: [ view_filter ] --START--
INFO: Run Behavior\WriteHtmlCacheBehavior [ RunTime:0.000697s ]
INFO: [ view_filter ] --END-- [ RunTime:0.000732s ]
INFO: [ app_end ] --START--
INFO: Run Behavior\ShowPageTraceBehavior [ RunTime:0.000877s ]
INFO: [ app_end ] --END-- [ RunTime:0.000917s ]

[ 2016-12-10T20:25:09+08:00 ] 127.0.0.1 /CYCS/index.php/Admin/Dishes/bianji?dishes_no=L001
INFO: [ app_begin ] --START--
INFO: Run Behavior\ReadHtmlCacheBehavior [ RunTime:0.000808s ]
INFO: [ app_begin ] --END-- [ RunTime:0.001280s ]
SQL: SHOW COLUMNS FROM `cy_dishes` [ RunTime:0.0340s ]
SQL: SELECT * FROM `cy_dishes` WHERE `DISHES_NO` = 'L001'  [ RunTime:0.0004s ]
INFO: [ view_parse ] --START--
INFO: [ template_filter ] --START--
INFO: Run Behavior\ContentReplaceBehavior [ RunTime:0.000070s ]
INFO: [ template_filter ] --END-- [ RunTime:0.000143s ]
INFO: Run Behavior\ParseTemplateBehavior [ RunTime:0.013008s ]
INFO: [ view_parse ] --END-- [ RunTime:0.013086s ]
INFO: [ view_filter ] --START--
INFO: Run Behavior\WriteHtmlCacheBehavior [ RunTime:0.001126s ]
INFO: [ view_filter ] --END-- [ RunTime:0.001198s ]
INFO: [ app_end ] --START--
INFO: Run Behavior\ShowPageTraceBehavior [ RunTime:0.001246s ]
INFO: [ app_end ] --END-- [ RunTime:0.001305s ]

[ 2016-12-10T20:25:11+08:00 ] 127.0.0.1 /CYCS/index.php/Admin/Dishes/bianji?dishes_no=M001
INFO: [ app_begin ] --START--
INFO: Run Behavior\ReadHtmlCacheBehavior [ RunTime:0.001293s ]
INFO: [ app_begin ] --END-- [ RunTime:0.001986s ]
SQL: SHOW COLUMNS FROM `cy_dishes` [ RunTime:0.0105s ]
SQL: SELECT * FROM `cy_dishes` WHERE `DISHES_NO` = 'M001'  [ RunTime:0.0002s ]
INFO: [ view_parse ] --START--
INFO: [ template_filter ] --START--
INFO: Run Behavior\ContentReplaceBehavior [ RunTime:0.000050s ]
INFO: [ template_filter ] --END-- [ RunTime:0.000103s ]
INFO: Run Behavior\ParseTemplateBehavior [ RunTime:0.008894s ]
INFO: [ view_parse ] --END-- [ RunTime:0.008965s ]
INFO: [ view_filter ] --START--
INFO: Run Behavior\WriteHtmlCacheBehavior [ RunTime:0.000755s ]
INFO: [ view_filter ] --END-- [ RunTime:0.000801s ]
INFO: [ app_end ] --START--
INFO: Run Behavior\ShowPageTraceBehavior [ RunTime:0.001134s ]
INFO: [ app_end ] --END-- [ RunTime:0.001187s ]

[ 2016-12-10T20:25:14+08:00 ] 127.0.0.1 /CYCS/index.php/Admin/Dishes/bianji.html
ERR: 参数错误或者未定义:dishes_no

[ 2016-12-10T20:25:14+08:00 ] 127.0.0.1 /CYCS/index.php/Admin/Dishes/bianji.html
ERR: 参数错误或者未定义:dishes_no

[ 2016-12-10T20:25:14+08:00 ] 127.0.0.1 /CYCS/index.php/Admin/Dishes/bianji.html
ERR: 参数错误或者未定义:dishes_no

[ 2016-12-10T20:25:14+08:00 ] 127.0.0.1 /CYCS/index.php/Admin/Dishes/bianji.html
ERR: 参数错误或者未定义:dishes_no

[ 2016-12-10T20:25:14+08:00 ] 127.0.0.1 /CYCS/index.php/Admin/Dishes/bianji.html
ERR: 参数错误或者未定义:dishes_no

[ 2016-12-10T20:25:14+08:00 ] 127.0.0.1 /CYCS/index.php/Admin/Dishes/bianji.html
ERR: 参数错误或者未定义:dishes_no

[ 2016-12-10T20:25:14+08:00 ] 127.0.0.1 /CYCS/index.php/Admin/Dishes/bianji.html
ERR: 参数错误或者未定义:dishes_no

[ 2016-12-10T20:25:14+08:00 ] 127.0.0.1 /CYCS/index.php/Admin/Dishes/bianji.html
ERR: 参数错误或者未定义:dishes_no

[ 2016-12-10T20:25:14+08:00 ] 127.0.0.1 /CYCS/index.php/Admin/Dishes/bianji.html
ERR: 参数错误或者未定义:dishes_no

[ 2016-12-10T20:25:14+08:00 ] 127.0.0.1 /CYCS/index.php/Admin/Dishes/bianji.html
ERR: 参数错误或者未定义:dishes_no

[ 2016-12-10T20:25:45+08:00 ] 127.0.0.1 /CYCS/index.php/Admin/Dishes/bianji.html
ERR: 参数错误或者未定义:dishes_no

[ 2016-12-10T20:25:45+08:00 ] 127.0.0.1 /CYCS/index.php/Admin/Dishes/bianji.html
ERR: 参数错误或者未定义:dishes_no

[ 2016-12-10T20:25:45+08:00 ] 127.0.0.1 /CYCS/index.php/Admin/Dishes/bianji.html
ERR: 参数错误或者未定义:dishes_no

[ 2016-12-10T20:25:45+08:00 ] 127.0.0.1 /CYCS/index.php/Admin/Dishes/bianji.html
ERR: 参数错误或者未定义:dishes_no

[ 2016-12-10T20:25:45+08:00 ] 127.0.0.1 /CYCS/index.php/Admin/Dishes/bianji.html
ERR: 参数错误或者未定义:dishes_no

[ 2016-12-10T20:25:45+08:00 ] 127.0.0.1 /CYCS/index.php/Admin/Dishes/bianji.html
ERR: 参数错误或者未定义:dishes_no

[ 2016-12-10T20:25:45+08:00 ] 127.0.0.1 /CYCS/index.php/Admin/Dishes/bianji.html
ERR: 参数错误或者未定义:dishes_no

[ 2016-12-10T20:25:45+08:00 ] 127.0.0.1 /CYCS/index.php/Admin/Dishes/bianji.html
ERR: 参数错误或者未定义:dishes_no

[ 2016-12-10T20:25:45+08:00 ] 127.0.0.1 /CYCS/index.php/Admin/Dishes/bianji.html
ERR: 参数错误或者未定义:dishes_no

[ 2016-12-10T20:25:45+08:00 ] 127.0.0.1 /CYCS/index.php/Admin/Dishes/bianji.html
ERR: 参数错误或者未定义:dishes_no

[ 2016-12-10T20:25:48+08:00 ] 127.0.0.1 /CYCS/index.php/Admin/Dishes/bianji.html
ERR: 参数错误或者未定义:dishes_no

[ 2016-12-10T20:25:48+08:00 ] 127.0.0.1 /CYCS/index.php/Admin/Dishes/bianji.html
ERR: 参数错误或者未定义:dishes_no

[ 2016-12-10T20:25:48+08:00 ] 127.0.0.1 /CYCS/index.php/Admin/Dishes/bianji.html
ERR: 参数错误或者未定义:dishes_no

[ 2016-12-10T20:25:48+08:00 ] 127.0.0.1 /CYCS/index.php/Admin/Dishes/bianji.html
ERR: 参数错误或者未定义:dishes_no

[ 2016-12-10T20:25:48+08:00 ] 127.0.0.1 /CYCS/index.php/Admin/Dishes/bianji.html
ERR: 参数错误或者未定义:dishes_no

[ 2016-12-10T20:25:48+08:00 ] 127.0.0.1 /CYCS/index.php/Admin/Dishes/bianji.html
ERR: 参数错误或者未定义:dishes_no

[ 2016-12-10T20:25:48+08:00 ] 127.0.0.1 /CYCS/index.php/Admin/Dishes/bianji.html
ERR: 参数错误或者未定义:dishes_no

[ 2016-12-10T20:25:48+08:00 ] 127.0.0.1 /CYCS/index.php/Admin/Dishes/bianji.html
ERR: 参数错误或者未定义:dishes_no

[ 2016-12-10T20:25:48+08:00 ] 127.0.0.1 /CYCS/index.php/Admin/Dishes/bianji.html
ERR: 参数错误或者未定义:dishes_no

[ 2016-12-10T20:25:48+08:00 ] 127.0.0.1 /CYCS/index.php/Admin/Dishes/bianji.html
ERR: 参数错误或者未定义:dishes_no

[ 2016-12-10T20:25:59+08:00 ] 127.0.0.1 /CYCS/index.php/Admin/Dishes/bianji.html
ERR: 参数错误或者未定义:dishes_no

[ 2016-12-10T20:26:00+08:00 ] 127.0.0.1 /CYCS/index.php/Admin/Dishes/bianji.html
ERR: 参数错误或者未定义:dishes_no

[ 2016-12-10T20:26:00+08:00 ] 127.0.0.1 /CYCS/index.php/Admin/Dishes/bianji.html
ERR: 参数错误或者未定义:dishes_no

[ 2016-12-10T20:26:00+08:00 ] 127.0.0.1 /CYCS/index.php/Admin/Dishes/bianji.html
ERR: 参数错误或者未定义:dishes_no

[ 2016-12-10T20:26:00+08:00 ] 127.0.0.1 /CYCS/index.php/Admin/Dishes/bianji.html
ERR: 参数错误或者未定义:dishes_no

[ 2016-12-10T20:26:00+08:00 ] 127.0.0.1 /CYCS/index.php/Admin/Dishes/bianji.html
ERR: 参数错误或者未定义:dishes_no

[ 2016-12-10T20:26:00+08:00 ] 127.0.0.1 /CYCS/index.php/Admin/Dishes/bianji.html
ERR: 参数错误或者未定义:dishes_no

[ 2016-12-10T20:26:00+08:00 ] 127.0.0.1 /CYCS/index.php/Admin/Dishes/bianji.html
ERR: 参数错误或者未定义:dishes_no

[ 2016-12-10T20:26:00+08:00 ] 127.0.0.1 /CYCS/index.php/Admin/Dishes/bianji.html
ERR: 参数错误或者未定义:dishes_no

[ 2016-12-10T20:26:00+08:00 ] 127.0.0.1 /CYCS/index.php/Admin/Dishes/bianji.html
ERR: 参数错误或者未定义:dishes_no

[ 2016-12-10T20:26:13+08:00 ] 127.0.0.1 /CYCS/index.php/Admin/Dishes/bianji.html
ERR: 参数错误或者未定义:dishes_no

[ 2016-12-10T20:26:13+08:00 ] 127.0.0.1 /CYCS/index.php/Admin/Dishes/bianji.html
ERR: 参数错误或者未定义:dishes_no

[ 2016-12-10T20:26:13+08:00 ] 127.0.0.1 /CYCS/index.php/Admin/Dishes/bianji.html
ERR: 参数错误或者未定义:dishes_no

[ 2016-12-10T20:26:13+08:00 ] 127.0.0.1 /CYCS/index.php/Admin/Dishes/bianji.html
ERR: 参数错误或者未定义:dishes_no

[ 2016-12-10T20:26:13+08:00 ] 127.0.0.1 /CYCS/index.php/Admin/Dishes/bianji.html
ERR: 参数错误或者未定义:dishes_no

[ 2016-12-10T20:26:13+08:00 ] 127.0.0.1 /CYCS/index.php/Admin/Dishes/bianji.html
ERR: 参数错误或者未定义:dishes_no

[ 2016-12-10T20:26:13+08:00 ] 127.0.0.1 /CYCS/index.php/Admin/Dishes/bianji.html
ERR: 参数错误或者未定义:dishes_no

[ 2016-12-10T20:26:13+08:00 ] 127.0.0.1 /CYCS/index.php/Admin/Dishes/bianji.html
ERR: 参数错误或者未定义:dishes_no

[ 2016-12-10T20:26:13+08:00 ] 127.0.0.1 /CYCS/index.php/Admin/Dishes/bianji.html
ERR: 参数错误或者未定义:dishes_no

[ 2016-12-10T20:26:13+08:00 ] 127.0.0.1 /CYCS/index.php/Admin/Dishes/bianji.html
ERR: 参数错误或者未定义:dishes_no

[ 2016-12-10T20:26:57+08:00 ] 127.0.0.1 /CYCS/index.php/Admin/Dishes/bianji.html
ERR: 参数错误或者未定义:dishes_no

[ 2016-12-10T20:26:57+08:00 ] 127.0.0.1 /CYCS/index.php/Admin/Dishes/bianji.html
ERR: 参数错误或者未定义:dishes_no

[ 2016-12-10T20:26:57+08:00 ] 127.0.0.1 /CYCS/index.php/Admin/Dishes/bianji.html
ERR: 参数错误或者未定义:dishes_no

[ 2016-12-10T20:26:57+08:00 ] 127.0.0.1 /CYCS/index.php/Admin/Dishes/bianji.html
ERR: 参数错误或者未定义:dishes_no

[ 2016-12-10T20:26:57+08:00 ] 127.0.0.1 /CYCS/index.php/Admin/Dishes/bianji.html
ERR: 参数错误或者未定义:dishes_no

[ 2016-12-10T20:26:57+08:00 ] 127.0.0.1 /CYCS/index.php/Admin/Dishes/bianji.html
ERR: 参数错误或者未定义:dishes_no

[ 2016-12-10T20:26:57+08:00 ] 127.0.0.1 /CYCS/index.php/Admin/Dishes/bianji.html
ERR: 参数错误或者未定义:dishes_no

[ 2016-12-10T20:26:57+08:00 ] 127.0.0.1 /CYCS/index.php/Admin/Dishes/bianji.html
ERR: 参数错误或者未定义:dishes_no

[ 2016-12-10T20:26:57+08:00 ] 127.0.0.1 /CYCS/index.php/Admin/Dishes/bianji.html
ERR: 参数错误或者未定义:dishes_no

[ 2016-12-10T20:26:57+08:00 ] 127.0.0.1 /CYCS/index.php/Admin/Dishes/bianji.html
ERR: 参数错误或者未定义:dishes_no

[ 2016-12-10T20:28:16+08:00 ] 127.0.0.1 /CYCS/index.php/Admin/Dishes/bianji.html
ERR: 参数错误或者未定义:dishes_no

[ 2016-12-10T20:28:16+08:00 ] 127.0.0.1 /CYCS/index.php/Admin/Dishes/bianji.html
ERR: 参数错误或者未定义:dishes_no

[ 2016-12-10T20:28:16+08:00 ] 127.0.0.1 /CYCS/index.php/Admin/Dishes/bianji.html
ERR: 参数错误或者未定义:dishes_no

[ 2016-12-10T20:28:17+08:00 ] 127.0.0.1 /CYCS/index.php/Admin/Dishes/bianji.html
ERR: 参数错误或者未定义:dishes_no

[ 2016-12-10T20:28:17+08:00 ] 127.0.0.1 /CYCS/index.php/Admin/Dishes/bianji.html
ERR: 参数错误或者未定义:dishes_no

[ 2016-12-10T20:28:17+08:00 ] 127.0.0.1 /CYCS/index.php/Admin/Dishes/bianji.html
ERR: 参数错误或者未定义:dishes_no

[ 2016-12-10T20:28:17+08:00 ] 127.0.0.1 /CYCS/index.php/Admin/Dishes/bianji.html
ERR: 参数错误或者未定义:dishes_no

[ 2016-12-10T20:28:17+08:00 ] 127.0.0.1 /CYCS/index.php/Admin/Dishes/bianji.html
ERR: 参数错误或者未定义:dishes_no

[ 2016-12-10T20:28:17+08:00 ] 127.0.0.1 /CYCS/index.php/Admin/Dishes/bianji.html
ERR: 参数错误或者未定义:dishes_no

[ 2016-12-10T20:28:17+08:00 ] 127.0.0.1 /CYCS/index.php/Admin/Dishes/bianji.html
ERR: 参数错误或者未定义:dishes_no

[ 2016-12-10T20:28:20+08:00 ] 127.0.0.1 /CYCS/index.php/Admin/Dishes/bianji.html
ERR: 参数错误或者未定义:dishes_no

[ 2016-12-10T20:28:20+08:00 ] 127.0.0.1 /CYCS/index.php/Admin/Dishes/bianji.html
ERR: 参数错误或者未定义:dishes_no

[ 2016-12-10T20:28:20+08:00 ] 127.0.0.1 /CYCS/index.php/Admin/Dishes/bianji.html
ERR: 参数错误或者未定义:dishes_no

[ 2016-12-10T20:28:20+08:00 ] 127.0.0.1 /CYCS/index.php/Admin/Dishes/bianji.html
ERR: 参数错误或者未定义:dishes_no

[ 2016-12-10T20:28:20+08:00 ] 127.0.0.1 /CYCS/index.php/Admin/Dishes/bianji.html
ERR: 参数错误或者未定义:dishes_no

[ 2016-12-10T20:28:20+08:00 ] 127.0.0.1 /CYCS/index.php/Admin/Dishes/bianji.html
ERR: 参数错误或者未定义:dishes_no

[ 2016-12-10T20:28:20+08:00 ] 127.0.0.1 /CYCS/index.php/Admin/Dishes/bianji.html
ERR: 参数错误或者未定义:dishes_no

[ 2016-12-10T20:28:20+08:00 ] 127.0.0.1 /CYCS/index.php/Admin/Dishes/bianji.html
ERR: 参数错误或者未定义:dishes_no

[ 2016-12-10T20:28:20+08:00 ] 127.0.0.1 /CYCS/index.php/Admin/Dishes/bianji.html
ERR: 参数错误或者未定义:dishes_no

[ 2016-12-10T20:28:20+08:00 ] 127.0.0.1 /CYCS/index.php/Admin/Dishes/bianji.html
ERR: 参数错误或者未定义:dishes_no

[ 2016-12-10T20:28:24+08:00 ] 127.0.0.1 /CYCS/index.php/Admin/Dishes/bianji.html
ERR: 参数错误或者未定义:dishes_no

[ 2016-12-10T20:28:24+08:00 ] 127.0.0.1 /CYCS/index.php/Admin/Dishes/bianji.html
ERR: 参数错误或者未定义:dishes_no

[ 2016-12-10T20:28:24+08:00 ] 127.0.0.1 /CYCS/index.php/Admin/Dishes/bianji.html
ERR: 参数错误或者未定义:dishes_no

[ 2016-12-10T20:28:24+08:00 ] 127.0.0.1 /CYCS/index.php/Admin/Dishes/bianji.html
ERR: 参数错误或者未定义:dishes_no

[ 2016-12-10T20:28:24+08:00 ] 127.0.0.1 /CYCS/index.php/Admin/Dishes/bianji.html
ERR: 参数错误或者未定义:dishes_no

[ 2016-12-10T20:28:24+08:00 ] 127.0.0.1 /CYCS/index.php/Admin/Dishes/bianji.html
ERR: 参数错误或者未定义:dishes_no

[ 2016-12-10T20:28:24+08:00 ] 127.0.0.1 /CYCS/index.php/Admin/Dishes/bianji.html
ERR: 参数错误或者未定义:dishes_no

[ 2016-12-10T20:28:24+08:00 ] 127.0.0.1 /CYCS/index.php/Admin/Dishes/bianji.html
ERR: 参数错误或者未定义:dishes_no

[ 2016-12-10T20:28:24+08:00 ] 127.0.0.1 /CYCS/index.php/Admin/Dishes/bianji.html
ERR: 参数错误或者未定义:dishes_no

[ 2016-12-10T20:28:24+08:00 ] 127.0.0.1 /CYCS/index.php/Admin/Dishes/bianji.html
ERR: 参数错误或者未定义:dishes_no

[ 2016-12-10T20:28:28+08:00 ] 127.0.0.1 /CYCS/index.php/Admin/Dishes/bianji.html
ERR: 参数错误或者未定义:dishes_no

[ 2016-12-10T20:28:28+08:00 ] 127.0.0.1 /CYCS/index.php/Admin/Dishes/bianji.html
ERR: 参数错误或者未定义:dishes_no

[ 2016-12-10T20:28:28+08:00 ] 127.0.0.1 /CYCS/index.php/Admin/Dishes/bianji.html
ERR: 参数错误或者未定义:dishes_no

[ 2016-12-10T20:28:28+08:00 ] 127.0.0.1 /CYCS/index.php/Admin/Dishes/bianji.html
ERR: 参数错误或者未定义:dishes_no

[ 2016-12-10T20:28:28+08:00 ] 127.0.0.1 /CYCS/index.php/Admin/Dishes/bianji.html
ERR: 参数错误或者未定义:dishes_no

[ 2016-12-10T20:28:28+08:00 ] 127.0.0.1 /CYCS/index.php/Admin/Dishes/bianji.html
ERR: 参数错误或者未定义:dishes_no

[ 2016-12-10T20:28:28+08:00 ] 127.0.0.1 /CYCS/index.php/Admin/Dishes/bianji.html
ERR: 参数错误或者未定义:dishes_no

[ 2016-12-10T20:28:28+08:00 ] 127.0.0.1 /CYCS/index.php/Admin/Dishes/bianji.html
ERR: 参数错误或者未定义:dishes_no

[ 2016-12-10T20:28:28+08:00 ] 127.0.0.1 /CYCS/index.php/Admin/Dishes/bianji.html
ERR: 参数错误或者未定义:dishes_no

[ 2016-12-10T20:28:28+08:00 ] 127.0.0.1 /CYCS/index.php/Admin/Dishes/bianji.html
ERR: 参数错误或者未定义:dishes_no

[ 2016-12-10T20:31:39+08:00 ] 127.0.0.1 /CYCS/index.php/Admin/Dishes/bianji.html
ERR: 参数错误或者未定义:dishes_no

[ 2016-12-10T20:31:39+08:00 ] 127.0.0.1 /CYCS/index.php/Admin/Dishes/bianji.html
ERR: 参数错误或者未定义:dishes_no

[ 2016-12-10T20:31:39+08:00 ] 127.0.0.1 /CYCS/index.php/Admin/Dishes/bianji.html
ERR: 参数错误或者未定义:dishes_no

[ 2016-12-10T20:31:39+08:00 ] 127.0.0.1 /CYCS/index.php/Admin/Dishes/bianji.html
ERR: 参数错误或者未定义:dishes_no

[ 2016-12-10T20:31:39+08:00 ] 127.0.0.1 /CYCS/index.php/Admin/Dishes/bianji.html
ERR: 参数错误或者未定义:dishes_no

[ 2016-12-10T20:31:39+08:00 ] 127.0.0.1 /CYCS/index.php/Admin/Dishes/bianji.html
ERR: 参数错误或者未定义:dishes_no

[ 2016-12-10T20:31:39+08:00 ] 127.0.0.1 /CYCS/index.php/Admin/Dishes/bianji.html
ERR: 参数错误或者未定义:dishes_no

[ 2016-12-10T20:31:40+08:00 ] 127.0.0.1 /CYCS/index.php/Admin/Dishes/bianji.html
ERR: 参数错误或者未定义:dishes_no

[ 2016-12-10T20:31:40+08:00 ] 127.0.0.1 /CYCS/index.php/Admin/Dishes/bianji.html
ERR: 参数错误或者未定义:dishes_no

[ 2016-12-10T20:31:40+08:00 ] 127.0.0.1 /CYCS/index.php/Admin/Dishes/bianji.html
ERR: 参数错误或者未定义:dishes_no

[ 2016-12-10T20:32:54+08:00 ] 127.0.0.1 /CYCS/index.php/Admin/Dishes/bianji.html
ERR: 参数错误或者未定义:dishes_no

[ 2016-12-10T20:32:54+08:00 ] 127.0.0.1 /CYCS/index.php/Admin/Dishes/bianji.html
ERR: 参数错误或者未定义:dishes_no

[ 2016-12-10T20:32:54+08:00 ] 127.0.0.1 /CYCS/index.php/Admin/Dishes/bianji.html
ERR: 参数错误或者未定义:dishes_no

[ 2016-12-10T20:32:54+08:00 ] 127.0.0.1 /CYCS/index.php/Admin/Dishes/bianji.html
ERR: 参数错误或者未定义:dishes_no

[ 2016-12-10T20:32:54+08:00 ] 127.0.0.1 /CYCS/index.php/Admin/Dishes/bianji.html
ERR: 参数错误或者未定义:dishes_no

[ 2016-12-10T20:32:54+08:00 ] 127.0.0.1 /CYCS/index.php/Admin/Dishes/bianji.html
ERR: 参数错误或者未定义:dishes_no

[ 2016-12-10T20:32:54+08:00 ] 127.0.0.1 /CYCS/index.php/Admin/Dishes/bianji.html
ERR: 参数错误或者未定义:dishes_no

[ 2016-12-10T20:32:54+08:00 ] 127.0.0.1 /CYCS/index.php/Admin/Dishes/bianji.html
ERR: 参数错误或者未定义:dishes_no

[ 2016-12-10T20:32:55+08:00 ] 127.0.0.1 /CYCS/index.php/Admin/Dishes/bianji.html
ERR: 参数错误或者未定义:dishes_no

[ 2016-12-10T20:32:55+08:00 ] 127.0.0.1 /CYCS/index.php/Admin/Dishes/bianji.html
ERR: 参数错误或者未定义:dishes_no

[ 2016-12-10T20:33:02+08:00 ] 127.0.0.1 /CYCS/index.php/Admin/Dishes/bianji.html
ERR: 参数错误或者未定义:dishes_no

[ 2016-12-10T20:33:02+08:00 ] 127.0.0.1 /CYCS/index.php/Admin/Dishes/bianji.html
ERR: 参数错误或者未定义:dishes_no

[ 2016-12-10T20:33:02+08:00 ] 127.0.0.1 /CYCS/index.php/Admin/Dishes/bianji.html
ERR: 参数错误或者未定义:dishes_no

[ 2016-12-10T20:33:02+08:00 ] 127.0.0.1 /CYCS/index.php/Admin/Dishes/bianji.html
ERR: 参数错误或者未定义:dishes_no

[ 2016-12-10T20:33:02+08:00 ] 127.0.0.1 /CYCS/index.php/Admin/Dishes/bianji.html
ERR: 参数错误或者未定义:dishes_no

[ 2016-12-10T20:33:02+08:00 ] 127.0.0.1 /CYCS/index.php/Admin/Dishes/bianji.html
ERR: 参数错误或者未定义:dishes_no

[ 2016-12-10T20:33:02+08:00 ] 127.0.0.1 /CYCS/index.php/Admin/Dishes/bianji.html
ERR: 参数错误或者未定义:dishes_no

[ 2016-12-10T20:33:02+08:00 ] 127.0.0.1 /CYCS/index.php/Admin/Dishes/bianji.html
ERR: 参数错误或者未定义:dishes_no

[ 2016-12-10T20:33:02+08:00 ] 127.0.0.1 /CYCS/index.php/Admin/Dishes/bianji.html
ERR: 参数错误或者未定义:dishes_no

[ 2016-12-10T20:33:03+08:00 ] 127.0.0.1 /CYCS/index.php/Admin/Dishes/bianji.html
ERR: 参数错误或者未定义:dishes_no

[ 2016-12-10T20:33:06+08:00 ] 127.0.0.1 /CYCS/index.php/Admin/Dishes/bianji.html
ERR: 参数错误或者未定义:dishes_no

[ 2016-12-10T20:33:06+08:00 ] 127.0.0.1 /CYCS/index.php/Admin/Dishes/bianji.html
ERR: 参数错误或者未定义:dishes_no

[ 2016-12-10T20:33:06+08:00 ] 127.0.0.1 /CYCS/index.php/Admin/Dishes/bianji.html
ERR: 参数错误或者未定义:dishes_no

[ 2016-12-10T20:33:07+08:00 ] 127.0.0.1 /CYCS/index.php/Admin/Dishes/bianji.html
ERR: 参数错误或者未定义:dishes_no

[ 2016-12-10T20:33:07+08:00 ] 127.0.0.1 /CYCS/index.php/Admin/Dishes/bianji.html
ERR: 参数错误或者未定义:dishes_no

[ 2016-12-10T20:33:07+08:00 ] 127.0.0.1 /CYCS/index.php/Admin/Dishes/bianji.html
ERR: 参数错误或者未定义:dishes_no

[ 2016-12-10T20:33:07+08:00 ] 127.0.0.1 /CYCS/index.php/Admin/Dishes/bianji.html
ERR: 参数错误或者未定义:dishes_no

[ 2016-12-10T20:33:07+08:00 ] 127.0.0.1 /CYCS/index.php/Admin/Dishes/bianji.html
ERR: 参数错误或者未定义:dishes_no

[ 2016-12-10T20:33:07+08:00 ] 127.0.0.1 /CYCS/index.php/Admin/Dishes/bianji.html
ERR: 参数错误或者未定义:dishes_no

[ 2016-12-10T20:33:07+08:00 ] 127.0.0.1 /CYCS/index.php/Admin/Dishes/bianji.html
ERR: 参数错误或者未定义:dishes_no

[ 2016-12-10T20:35:24+08:00 ] 127.0.0.1 /CYCS/index.php/Admin/Dishes/bianji.html
ERR: 参数错误或者未定义:dishes_no

[ 2016-12-10T20:35:24+08:00 ] 127.0.0.1 /CYCS/index.php/Admin/Dishes/bianji.html
ERR: 参数错误或者未定义:dishes_no

[ 2016-12-10T20:35:24+08:00 ] 127.0.0.1 /CYCS/index.php/Admin/Dishes/bianji.html
ERR: 参数错误或者未定义:dishes_no

[ 2016-12-10T20:35:24+08:00 ] 127.0.0.1 /CYCS/index.php/Admin/Dishes/bianji.html
ERR: 参数错误或者未定义:dishes_no

[ 2016-12-10T20:35:24+08:00 ] 127.0.0.1 /CYCS/index.php/Admin/Dishes/bianji.html
ERR: 参数错误或者未定义:dishes_no

[ 2016-12-10T20:35:24+08:00 ] 127.0.0.1 /CYCS/index.php/Admin/Dishes/bianji.html
ERR: 参数错误或者未定义:dishes_no

[ 2016-12-10T20:35:24+08:00 ] 127.0.0.1 /CYCS/index.php/Admin/Dishes/bianji.html
ERR: 参数错误或者未定义:dishes_no

[ 2016-12-10T20:35:24+08:00 ] 127.0.0.1 /CYCS/index.php/Admin/Dishes/bianji.html
ERR: 参数错误或者未定义:dishes_no

[ 2016-12-10T20:35:24+08:00 ] 127.0.0.1 /CYCS/index.php/Admin/Dishes/bianji.html
ERR: 参数错误或者未定义:dishes_no

[ 2016-12-10T20:35:24+08:00 ] 127.0.0.1 /CYCS/index.php/Admin/Dishes/bianji.html
ERR: 参数错误或者未定义:dishes_no

[ 2016-12-10T20:35:24+08:00 ] 127.0.0.1 /CYCS/index.php/Admin/Dishes/bianji.html
ERR: 参数错误或者未定义:dishes_no

[ 2016-12-10T22:01:59+08:00 ] 127.0.0.1 /CYCS/index.php/Admin/Dishes/table
ERR: SQLSTATE[HY000] [2002] Ŀܾ޷ӡ


[ 2016-12-10T22:02:32+08:00 ] 127.0.0.1 /CYCS/index.php/Admin/Dishes/bianji.html
ERR: 参数错误或者未定义:dishes_no

[ 2016-12-10T22:02:32+08:00 ] 127.0.0.1 /CYCS/index.php/Admin/Dishes/bianji.html
ERR: 参数错误或者未定义:dishes_no

[ 2016-12-10T22:02:32+08:00 ] 127.0.0.1 /CYCS/index.php/Admin/Dishes/bianji.html
ERR: 参数错误或者未定义:dishes_no

[ 2016-12-10T22:02:32+08:00 ] 127.0.0.1 /CYCS/index.php/Admin/Dishes/bianji.html
ERR: 参数错误或者未定义:dishes_no

[ 2016-12-10T22:02:32+08:00 ] 127.0.0.1 /CYCS/index.php/Admin/Dishes/bianji.html
ERR: 参数错误或者未定义:dishes_no

[ 2016-12-10T22:02:32+08:00 ] 127.0.0.1 /CYCS/index.php/Admin/Dishes/bianji.html
ERR: 参数错误或者未定义:dishes_no

[ 2016-12-10T22:02:32+08:00 ] 127.0.0.1 /CYCS/index.php/Admin/Dishes/bianji.html
ERR: 参数错误或者未定义:dishes_no

[ 2016-12-10T22:02:32+08:00 ] 127.0.0.1 /CYCS/index.php/Admin/Dishes/bianji.html
ERR: 参数错误或者未定义:dishes_no

[ 2016-12-10T22:02:33+08:00 ] 127.0.0.1 /CYCS/index.php/Admin/Dishes/bianji.html
ERR: 参数错误或者未定义:dishes_no

[ 2016-12-10T22:02:33+08:00 ] 127.0.0.1 /CYCS/index.php/Admin/Dishes/bianji.html
ERR: 参数错误或者未定义:dishes_no

[ 2016-12-10T22:02:36+08:00 ] 127.0.0.1 /CYCS/index.php/Admin/Dishes/bianji.html
ERR: 参数错误或者未定义:dishes_no

[ 2016-12-10T22:02:36+08:00 ] 127.0.0.1 /CYCS/index.php/Admin/Dishes/bianji.html
ERR: 参数错误或者未定义:dishes_no

[ 2016-12-10T22:02:36+08:00 ] 127.0.0.1 /CYCS/index.php/Admin/Dishes/bianji.html
ERR: 参数错误或者未定义:dishes_no

[ 2016-12-10T22:02:36+08:00 ] 127.0.0.1 /CYCS/index.php/Admin/Dishes/bianji.html
ERR: 参数错误或者未定义:dishes_no

[ 2016-12-10T22:02:36+08:00 ] 127.0.0.1 /CYCS/index.php/Admin/Dishes/bianji.html
ERR: 参数错误或者未定义:dishes_no

[ 2016-12-10T22:02:36+08:00 ] 127.0.0.1 /CYCS/index.php/Admin/Dishes/bianji.html
ERR: 参数错误或者未定义:dishes_no

[ 2016-12-10T22:02:36+08:00 ] 127.0.0.1 /CYCS/index.php/Admin/Dishes/bianji.html
ERR: 参数错误或者未定义:dishes_no

[ 2016-12-10T22:02:36+08:00 ] 127.0.0.1 /CYCS/index.php/Admin/Dishes/bianji.html
ERR: 参数错误或者未定义:dishes_no

[ 2016-12-10T22:02:36+08:00 ] 127.0.0.1 /CYCS/index.php/Admin/Dishes/bianji.html
ERR: 参数错误或者未定义:dishes_no

[ 2016-12-10T22:02:36+08:00 ] 127.0.0.1 /CYCS/index.php/Admin/Dishes/bianji.html
ERR: 参数错误或者未定义:dishes_no

[ 2016-12-10T22:02:38+08:00 ] 127.0.0.1 /CYCS/index.php/Admin/Dishes/bianji.html
ERR: 参数错误或者未定义:dishes_no

[ 2016-12-10T22:02:38+08:00 ] 127.0.0.1 /CYCS/index.php/Admin/Dishes/bianji.html
ERR: 参数错误或者未定义:dishes_no

[ 2016-12-10T22:02:38+08:00 ] 127.0.0.1 /CYCS/index.php/Admin/Dishes/bianji.html
ERR: 参数错误或者未定义:dishes_no

[ 2016-12-10T22:02:38+08:00 ] 127.0.0.1 /CYCS/index.php/Admin/Dishes/bianji.html
ERR: 参数错误或者未定义:dishes_no

[ 2016-12-10T22:02:38+08:00 ] 127.0.0.1 /CYCS/index.php/Admin/Dishes/bianji.html
ERR: 参数错误或者未定义:dishes_no

[ 2016-12-10T22:02:38+08:00 ] 127.0.0.1 /CYCS/index.php/Admin/Dishes/bianji.html
ERR: 参数错误或者未定义:dishes_no

[ 2016-12-10T22:02:38+08:00 ] 127.0.0.1 /CYCS/index.php/Admin/Dishes/bianji.html
ERR: 参数错误或者未定义:dishes_no

[ 2016-12-10T22:02:38+08:00 ] 127.0.0.1 /CYCS/index.php/Admin/Dishes/bianji.html
ERR: 参数错误或者未定义:dishes_no

[ 2016-12-10T22:02:38+08:00 ] 127.0.0.1 /CYCS/index.php/Admin/Dishes/bianji.html
ERR: 参数错误或者未定义:dishes_no

[ 2016-12-10T22:02:38+08:00 ] 127.0.0.1 /CYCS/index.php/Admin/Dishes/bianji.html
ERR: 参数错误或者未定义:dishes_no

[ 2016-12-10T22:19:29+08:00 ] 127.0.0.1 /CYCS/index.php/Admin/Dishes/table
ERR: SQLSTATE[HY000] [2002] Ŀܾ޷ӡ


[ 2016-12-10T22:19:37+08:00 ] 127.0.0.1 /CYCS/index.php/Admin/Dishes/bianji.html
ERR: 参数错误或者未定义:dishes_no

[ 2016-12-10T22:19:37+08:00 ] 127.0.0.1 /CYCS/index.php/Admin/Dishes/bianji.html
ERR: 参数错误或者未定义:dishes_no

[ 2016-12-10T22:19:37+08:00 ] 127.0.0.1 /CYCS/index.php/Admin/Dishes/bianji.html
ERR: 参数错误或者未定义:dishes_no

[ 2016-12-10T22:19:37+08:00 ] 127.0.0.1 /CYCS/index.php/Admin/Dishes/bianji.html
ERR: 参数错误或者未定义:dishes_no

[ 2016-12-10T22:19:37+08:00 ] 127.0.0.1 /CYCS/index.php/Admin/Dishes/bianji.html
ERR: 参数错误或者未定义:dishes_no

[ 2016-12-10T22:19:37+08:00 ] 127.0.0.1 /CYCS/index.php/Admin/Dishes/bianji.html
ERR: 参数错误或者未定义:dishes_no

[ 2016-12-10T22:19:37+08:00 ] 127.0.0.1 /CYCS/index.php/Admin/Dishes/bianji.html
ERR: 参数错误或者未定义:dishes_no

[ 2016-12-10T22:19:37+08:00 ] 127.0.0.1 /CYCS/index.php/Admin/Dishes/bianji.html
ERR: 参数错误或者未定义:dishes_no

[ 2016-12-10T22:19:37+08:00 ] 127.0.0.1 /CYCS/index.php/Admin/Dishes/bianji.html
ERR: 参数错误或者未定义:dishes_no

[ 2016-12-10T22:19:37+08:00 ] 127.0.0.1 /CYCS/index.php/Admin/Dishes/bianji.html
ERR: 参数错误或者未定义:dishes_no

